[farm-bot] 本轮失败：种植候选作物（南瓜、番茄、草莓、胡萝卜、蓝莓、玉米、芒果）连续 3 次失败：没有可点击的「最大」按钮。
[farm-bot] 本轮失败：种植候选作物（南瓜、番茄、草莓、胡萝卜、蓝莓、玉米、芒果）连续 3 次失败：没有可点击的「最大」按钮。
[farm-bot] 本轮失败：等待超时：农场页面加载完成，已按 10秒 间隔检查 5 次。最后错误：CDP WebSocket 未连接，无法执行 Runtime.evaluate
[farm-bot] 本轮失败（连续 1 次）：卖蓝莓连续 2 次失败：数量设置未生效。期望：选中 174，库存 180；实际：{"selected":0,"stock":180}。原始错误：等待超时：数量设置生效
[farm-bot] 本轮失败（连续 2 次）：种植候选作物（南瓜）连续 3 次失败：点击「南瓜」后没有等到种植数量控件，停止本轮，避免误种其他作物。
[farm-bot] 本轮失败（连续 3 次）：种植候选作物（南瓜）连续 3 次失败：点击「南瓜」后没有等到种植数量控件，停止本轮，避免误种其他作物。
[farm-bot] 本轮失败（连续 4 次）：种植候选作物（南瓜）连续 3 次失败：点击「南瓜」后没有等到种植数量控件，停止本轮，避免误种其他作物。
[farm-bot] 本轮失败（连续 5 次）：种植候选作物（南瓜）连续 3 次失败：点击「南瓜」后没有等到种植数量控件，停止本轮，避免误种其他作物。
[farm-bot] 本轮失败（连续 6 次）：种植候选作物（南瓜）连续 3 次失败：点击「南瓜」后没有等到种植数量控件，停止本轮，避免误种其他作物。
[farm-bot] 本轮失败（连续 7 次）：种植候选作物（南瓜）连续 3 次失败：点击「南瓜」后没有等到种植数量控件，停止本轮，避免误种其他作物。
[farm-bot] 本轮失败（连续 8 次）：种植候选作物（南瓜）连续 3 次失败：点击「南瓜」后没有等到种植数量控件，停止本轮，避免误种其他作物。
[farm-bot] 本轮失败（连续 9 次）：种植候选作物（南瓜）连续 3 次失败：点击「南瓜」后没有等到种植数量控件，停止本轮，避免误种其他作物。
[farm-bot] 本轮失败（连续 10 次）：种植候选作物（南瓜）连续 3 次失败：点击「南瓜」后没有等到种植数量控件，停止本轮，避免误种其他作物。
[farm-bot] 本轮失败（连续 11 次）：种植候选作物（南瓜）连续 3 次失败：点击「南瓜」后没有等到种植数量控件，停止本轮，避免误种其他作物。
[farm-bot] 本轮失败（连续 12 次）：种植候选作物（南瓜）连续 3 次失败：点击「南瓜」后没有等到种植数量控件，停止本轮，避免误种其他作物。
[farm-bot] 本轮失败（连续 13 次）：种植候选作物（南瓜）连续 3 次失败：点击「南瓜」后没有等到种植数量控件，停止本轮，避免误种其他作物。
[farm-bot] 本轮失败（连续 14 次）：种植候选作物（南瓜）连续 3 次失败：点击「南瓜」后没有等到种植数量控件，停止本轮，避免误种其他作物。
[farm-bot] 本轮失败（连续 15 次）：种植候选作物（南瓜）连续 3 次失败：点击「南瓜」后没有等到种植数量控件，停止本轮，避免误种其他作物。
[farm-bot] 本轮失败（连续 16 次）：种植候选作物（南瓜）连续 3 次失败：点击「南瓜」后没有等到种植数量控件，停止本轮，避免误种其他作物。
[farm-bot] 本轮失败（连续 17 次）：种植候选作物（南瓜）连续 3 次失败：点击「南瓜」后没有等到种植数量控件，停止本轮，避免误种其他作物。
[farm-bot] 本轮失败（连续 1 次）：种植候选作物（南瓜）连续 3 次失败：等待超时：种植后南瓜进入生长状态
[farm-bot] 本轮失败（连续 1 次）：卖南瓜连续 2 次失败：卖出后南瓜持有异常：期望 6，实际 36
[farm-bot] 本轮失败（连续 1 次）：卖南瓜连续 2 次失败：卖出后南瓜持有异常：期望 6，实际 66
