[farm-bot] 连接专用 Chrome：http://127.0.0.1:9222
[farm-bot] 专用 Chrome 未启动，自动启动。
[farm-bot] 已启动专用 Chrome：/Applications/Google Chrome.app/Contents/MacOS/Google Chrome
[farm-bot] Profile：/Users/hongweizhang/java_project/hybgzs-farm-bot/chrome-profile
[farm-bot] WebSocket 已连接，心跳保活已启动
[farm-bot] 进入常驻模式：优先按作物剩余时间等待；解析不到时每 10 分钟检查一次。按 Ctrl+C 停止。
[farm-bot] 心跳监测已启动：每 60 分钟发送一次 Ping 到 Telegram
[farm-bot] 打开主页。
[farm-bot] 点击「进入农场」。
[farm-bot] 点击「进入农场」后进入农场页面 未就绪，10秒后再检查（1/5）。
[farm-bot] 已进入农场主体页面。
[farm-bot] 「一键收获」可点击，先收获。
[farm-bot] 等待收获完成...
[farm-bot] 自动确认弹窗：成功收获 10 个作物！
[farm-bot] 重新进入农场：收获后刷新空闲槽位
[farm-bot] 农场页面加载完成 未就绪，10秒后再检查（1/5）。
[farm-bot] 一键收获成功，农场已刷新出可继续种植状态。
空闲槽位：10
准备卖出：南瓜。
[farm-bot] 售卖策略：保留 10 个种子（根据地块数动态计算）
[farm-bot] 进入交易所：检查南瓜库存
[farm-bot] 交易所页面加载完成 未就绪，10秒后再检查（1/5）。
[farm-bot] 南瓜持有 60，保留 10，准备卖出 50。
[farm-bot] 确认 确认卖出（1 种 · $59.85）
[farm-bot] 等待售卖完成...
[farm-bot] 进入交易所：卖出后验证南瓜库存
[farm-bot] 交易所页面加载完成 未就绪，10秒后再检查（1/5）。
[farm-bot] 重新进入农场：种植前回到农场
[farm-bot] 农场页面加载完成 未就绪，10秒后再检查（1/5）。
[farm-bot] 点击第一个「种植」。
[farm-bot] 种植选择界面加载完成 未就绪，10秒后再检查（1/5）。
[farm-bot] 尝试选择作物「南瓜」：南瓜 $4.00
[farm-bot] 点击「最大」。
[farm-bot] 确认 种植 x10
[farm-bot] 检查是否有购买确认弹窗 未就绪，1秒后再检查（1/2）。
[farm-bot] 重新进入农场：种植后验证结果
[farm-bot] 农场页面加载完成 未就绪，10秒后再检查（1/5）。
[farm-bot] 重新进入农场：种植后刷新生长状态
[farm-bot] 农场页面加载完成 未就绪，10秒后再检查（1/5）。
[farm-bot] 本轮完成。
[farm-bot] 等待下一轮：2小时1分钟后，2026/6/19 07:42:12
[farm-bot] 打开主页。
[farm-bot] WebSocket 断开，尝试重连...
[farm-bot] WebSocket 已连接，心跳保活已启动
[farm-bot] WebSocket 重连成功
[farm-bot] 点击「进入农场」。
[farm-bot] 点击「进入农场」后进入农场页面 未就绪，10秒后再检查（1/5）。
[farm-bot] 已进入农场主体页面。
[farm-bot] 「一键收获」可点击，先收获。
[farm-bot] 等待收获完成...
[farm-bot] 自动确认弹窗：成功收获 10 个作物！
[farm-bot] 重新进入农场：收获后刷新空闲槽位
[farm-bot] 农场页面加载完成 未就绪，10秒后再检查（1/5）。
[farm-bot] 一键收获成功，农场已刷新出可继续种植状态。
空闲槽位：10
准备卖出：南瓜。
[farm-bot] 售卖策略：保留 10 个种子（根据地块数动态计算）
[farm-bot] 进入交易所：检查南瓜库存
[farm-bot] 交易所页面加载完成 未就绪，10秒后再检查（1/5）。
[farm-bot] 南瓜持有 60，保留 10，准备卖出 50。
[farm-bot] 确认 确认卖出（1 种 · $59.75）
[farm-bot] 等待售卖完成...
[farm-bot] 进入交易所：卖出后验证南瓜库存
[farm-bot] 交易所页面加载完成 未就绪，10秒后再检查（1/5）。
[farm-bot] 进入交易所：读取交易所行情并计算种植收益
[farm-bot] 交易所页面加载完成 未就绪，10秒后再检查（1/5）。
[farm-bot] 重新进入农场：读取地块数量
[farm-bot] 农场页面加载完成 未就绪，10秒后再检查（1/5）。
[farm-bot] 当前地块数：10，基于此计算作物收益排名
[farm-bot] 自动策略重算完成：南瓜。收益前三：南瓜 714/天，番茄 710.4/天，草莓 708/天
[farm-bot] 重新进入农场：种植前回到农场
[farm-bot] 农场页面加载完成 未就绪，10秒后再检查（1/5）。
[farm-bot] 点击第一个「种植」。
[farm-bot] 种植选择界面加载完成 未就绪，10秒后再检查（1/5）。
[farm-bot] 尝试选择作物「南瓜」：南瓜 $4.00
[farm-bot] 点击「最大」。
[farm-bot] 确认 种植 x10
[farm-bot] 检查是否有购买确认弹窗 未就绪，1秒后再检查（1/2）。
[farm-bot] 重新进入农场：种植后验证结果
[farm-bot] 农场页面加载完成 未就绪，10秒后再检查（1/5）。
[farm-bot] 重新进入农场：种植后刷新生长状态
[farm-bot] 农场页面加载完成 未就绪，10秒后再检查（1/5）。
[farm-bot] 本轮完成。
[farm-bot] 等待下一轮：2小时1分钟后，2026/6/19 09:45:31
[farm-bot] 打开主页。
[farm-bot] WebSocket 断开，尝试重连...
[farm-bot] WebSocket 已连接，心跳保活已启动
[farm-bot] WebSocket 重连成功
[farm-bot] 点击「进入农场」。
[farm-bot] 点击「进入农场」后进入农场页面 未就绪，10秒后再检查（1/5）。
[farm-bot] 已进入农场主体页面。
[farm-bot] 「一键收获」可点击，先收获。
[farm-bot] 等待收获完成...
[farm-bot] 自动确认弹窗：成功收获 10 个作物！
[farm-bot] 重新进入农场：收获后刷新空闲槽位
[farm-bot] 农场页面加载完成 未就绪，10秒后再检查（1/5）。
[farm-bot] 一键收获成功，农场已刷新出可继续种植状态。
空闲槽位：10
准备卖出：南瓜。
[farm-bot] 售卖策略：保留 10 个种子（根据地块数动态计算）
[farm-bot] 进入交易所：检查南瓜库存
[farm-bot] 交易所页面加载完成 未就绪，10秒后再检查（1/5）。
[farm-bot] 南瓜持有 60，保留 10，准备卖出 50。
[farm-bot] 确认 确认卖出（1 种 · $59.67）
[farm-bot] 等待售卖完成...
[farm-bot] 进入交易所：卖出后验证南瓜库存
[farm-bot] 交易所页面加载完成 未就绪，10秒后再检查（1/5）。
[farm-bot] 重新进入农场：种植前回到农场
[farm-bot] 农场页面加载完成 未就绪，10秒后再检查（1/5）。
[farm-bot] 点击第一个「种植」。
[farm-bot] 种植选择界面加载完成 未就绪，10秒后再检查（1/5）。
[farm-bot] 尝试选择作物「南瓜」：南瓜 $4.00
[farm-bot] 点击「最大」。
[farm-bot] 确认 种植 x10
[farm-bot] 检查是否有购买确认弹窗 未就绪，1秒后再检查（1/2）。
[farm-bot] 重新进入农场：种植后验证结果
[farm-bot] 农场页面加载完成 未就绪，10秒后再检查（1/5）。
[farm-bot] 重新进入农场：种植后刷新生长状态
[farm-bot] 农场页面加载完成 未就绪，10秒后再检查（1/5）。
[farm-bot] 本轮完成。
[farm-bot] 等待下一轮：2小时1分钟后，2026/6/19 11:48:35
[farm-bot] 打开主页。
[farm-bot] 点击「进入农场」。
[farm-bot] 点击「进入农场」后进入农场页面 未就绪，10秒后再检查（1/5）。
[farm-bot] 已进入农场主体页面。
[farm-bot] 「一键收获」可点击，先收获。
[farm-bot] 等待收获完成...
[farm-bot] 自动确认弹窗：成功收获 10 个作物！
[farm-bot] 重新进入农场：收获后刷新空闲槽位
[farm-bot] 农场页面加载完成 未就绪，10秒后再检查（1/5）。
[farm-bot] 一键收获成功，农场已刷新出可继续种植状态。
空闲槽位：10
准备卖出：南瓜。
[farm-bot] 售卖策略：保留 10 个种子（根据地块数动态计算）
[farm-bot] 进入交易所：检查南瓜库存
[farm-bot] 交易所页面加载完成 未就绪，10秒后再检查（1/5）。
[farm-bot] 南瓜持有 60，保留 10，准备卖出 50。
[farm-bot] 确认 确认卖出（1 种 · $59.61）
[farm-bot] 等待售卖完成...
[farm-bot] 进入交易所：卖出后验证南瓜库存
[farm-bot] 交易所页面加载完成 未就绪，10秒后再检查（1/5）。
[farm-bot] 重新进入农场：种植前回到农场
[farm-bot] 农场页面加载完成 未就绪，10秒后再检查（1/5）。
[farm-bot] 点击第一个「种植」。
[farm-bot] 种植选择界面加载完成 未就绪，10秒后再检查（1/5）。
[farm-bot] 尝试选择作物「南瓜」：南瓜 $4.00
[farm-bot] 点击「最大」。
[farm-bot] 确认 种植 x10
[farm-bot] 检查是否有购买确认弹窗 未就绪，1秒后再检查（1/2）。
[farm-bot] 重新进入农场：种植后验证结果
[farm-bot] 农场页面加载完成 未就绪，10秒后再检查（1/5）。
[farm-bot] 重新进入农场：种植后刷新生长状态
[farm-bot] 农场页面加载完成 未就绪，10秒后再检查（1/5）。
[farm-bot] 本轮完成。
[farm-bot] 等待下一轮：2小时1分钟后，2026/6/19 13:51:33
[farm-bot] 打开主页。
[farm-bot] WebSocket 断开，尝试重连...
[farm-bot] WebSocket 已连接，心跳保活已启动
[farm-bot] WebSocket 重连成功
[farm-bot] 点击「进入农场」。
[farm-bot] 点击「进入农场」后进入农场页面 未就绪，10秒后再检查（1/5）。
[farm-bot] 已进入农场主体页面。
[farm-bot] 「一键收获」可点击，先收获。
[farm-bot] 等待收获完成...
[farm-bot] 自动确认弹窗：成功收获 10 个作物！
[farm-bot] 重新进入农场：收获后刷新空闲槽位
[farm-bot] 农场页面加载完成 未就绪，10秒后再检查（1/5）。
[farm-bot] 一键收获成功，农场已刷新出可继续种植状态。
空闲槽位：10
准备卖出：南瓜。
[farm-bot] 售卖策略：保留 10 个种子（根据地块数动态计算）
[farm-bot] 进入交易所：检查南瓜库存
[farm-bot] 交易所页面加载完成 未就绪，10秒后再检查（1/5）。
[farm-bot] 南瓜持有 60，保留 10，准备卖出 50。
[farm-bot] 确认 确认卖出（1 种 · $59.63）
[farm-bot] 等待售卖完成...
[farm-bot] 进入交易所：卖出后验证南瓜库存
[farm-bot] 交易所页面加载完成 未就绪，10秒后再检查（1/5）。
[farm-bot] 重新进入农场：种植前回到农场
[farm-bot] 农场页面加载完成 未就绪，10秒后再检查（1/5）。
[farm-bot] 点击第一个「种植」。
[farm-bot] 种植选择界面加载完成 未就绪，10秒后再检查（1/5）。
[farm-bot] 尝试选择作物「南瓜」：南瓜 $4.00
[farm-bot] 点击「最大」。
[farm-bot] 确认 种植 x10
[farm-bot] 检查是否有购买确认弹窗 未就绪，1秒后再检查（1/2）。
[farm-bot] 重新进入农场：种植后验证结果
[farm-bot] 农场页面加载完成 未就绪，10秒后再检查（1/5）。
[farm-bot] 重新进入农场：种植后刷新生长状态
[farm-bot] 农场页面加载完成 未就绪，10秒后再检查（1/5）。
[farm-bot] 本轮完成。
[farm-bot] 等待下一轮：2小时1分钟后，2026/6/19 15:54:34
[farm-bot] 打开主页。
[farm-bot] WebSocket 断开，尝试重连...
[farm-bot] WebSocket 已连接，心跳保活已启动
[farm-bot] WebSocket 重连成功
[farm-bot] 点击「进入农场」。
[farm-bot] 点击「进入农场」后进入农场页面 未就绪，10秒后再检查（1/5）。
[farm-bot] 已进入农场主体页面。
[farm-bot] 「一键收获」可点击，先收获。
[farm-bot] 等待收获完成...
[farm-bot] 自动确认弹窗：成功收获 10 个作物！
[farm-bot] 重新进入农场：收获后刷新空闲槽位
[farm-bot] 农场页面加载完成 未就绪，10秒后再检查（1/5）。
[farm-bot] 一键收获成功，农场已刷新出可继续种植状态。
空闲槽位：10
准备卖出：南瓜。
[farm-bot] 售卖策略：保留 10 个种子（根据地块数动态计算）
[farm-bot] 进入交易所：检查南瓜库存
[farm-bot] 交易所页面加载完成 未就绪，10秒后再检查（1/5）。
[farm-bot] 南瓜持有 60，保留 10，准备卖出 50。
[farm-bot] 确认 确认卖出（1 种 · $59.66）
[farm-bot] 等待售卖完成...
[farm-bot] 进入交易所：卖出后验证南瓜库存
[farm-bot] 交易所页面加载完成 未就绪，10秒后再检查（1/5）。
[farm-bot] 交易所页面加载完成 未就绪，10秒后再检查（2/5）。
[farm-bot] 重新进入农场：种植前回到农场
[farm-bot] 农场页面加载完成 未就绪，10秒后再检查（1/5）。
[farm-bot] 点击第一个「种植」。
[farm-bot] 种植选择界面加载完成 未就绪，10秒后再检查（1/5）。
[farm-bot] 尝试选择作物「南瓜」：南瓜 $4.00
[farm-bot] 点击「最大」。
[farm-bot] 确认 种植 x10
[farm-bot] 检查是否有购买确认弹窗 未就绪，1秒后再检查（1/2）。
[farm-bot] 重新进入农场：种植后验证结果
[farm-bot] 农场页面加载完成 未就绪，10秒后再检查（1/5）。
[farm-bot] 重新进入农场：种植后刷新生长状态
[farm-bot] 农场页面加载完成 未就绪，10秒后再检查（1/5）。
[farm-bot] 本轮完成。
[farm-bot] 等待下一轮：2小时1分钟后，2026/6/19 17:57:46
[farm-bot] 打开主页。
[farm-bot] WebSocket 断开，尝试重连...
[farm-bot] WebSocket 已连接，心跳保活已启动
[farm-bot] WebSocket 重连成功
[farm-bot] 点击「进入农场」。
[farm-bot] 点击「进入农场」后进入农场页面 未就绪，10秒后再检查（1/5）。
[farm-bot] 已进入农场主体页面。
[farm-bot] 「一键收获」可点击，先收获。
[farm-bot] 等待收获完成...
[farm-bot] 自动确认弹窗：成功收获 10 个作物！
[farm-bot] 重新进入农场：收获后刷新空闲槽位
[farm-bot] 农场页面加载完成 未就绪，10秒后再检查（1/5）。
[farm-bot] 农场统计卡片渲染完成 未就绪，10秒后再检查（1/5）。
[farm-bot] 一键收获成功，农场已刷新出可继续种植状态。
空闲槽位：10
准备卖出：南瓜。
[farm-bot] 售卖策略：保留 10 个种子（根据地块数动态计算）
[farm-bot] 进入交易所：检查南瓜库存
[farm-bot] 交易所页面加载完成 未就绪，10秒后再检查（1/5）。
[farm-bot] 南瓜持有 60，保留 10，准备卖出 50。
[farm-bot] 确认 确认卖出（1 种 · $59.64）
[farm-bot] 等待售卖完成...
[farm-bot] 进入交易所：卖出后验证南瓜库存
[farm-bot] 交易所页面加载完成 未就绪，10秒后再检查（1/5）。
[farm-bot] 重新进入农场：种植前回到农场
[farm-bot] 农场页面加载完成 未就绪，10秒后再检查（1/5）。
[farm-bot] 点击第一个「种植」。
[farm-bot] 种植选择界面加载完成 未就绪，10秒后再检查（1/5）。
[farm-bot] 尝试选择作物「南瓜」：南瓜 $4.00
[farm-bot] 点击「最大」。
[farm-bot] 确认 种植 x10
[farm-bot] 检查是否有购买确认弹窗 未就绪，1秒后再检查（1/2）。
[farm-bot] 重新进入农场：种植后验证结果
[farm-bot] 农场页面加载完成 未就绪，10秒后再检查（1/5）。
[farm-bot] 重新进入农场：种植后刷新生长状态
[farm-bot] 农场页面加载完成 未就绪，10秒后再检查（1/5）。
[farm-bot] 本轮完成。
[farm-bot] 等待下一轮：2小时1分钟后，2026/6/19 20:01:15
[farm-bot] 打开主页。
[farm-bot] WebSocket 断开，尝试重连...
[farm-bot] WebSocket 重连失败: Unexpected server response: 500
[farm-bot] 保留当前页面，10 秒后重试
[farm-bot] 等待下一轮：10秒后，2026/6/19 20:01:27
[farm-bot] 打开主页。
[farm-bot] WebSocket 断开，尝试重连...
[farm-bot] WebSocket 重连失败: Unexpected server response: 500
[farm-bot] 保留当前页面，10 秒后重试
[farm-bot] 等待下一轮：10秒后，2026/6/19 20:01:38
[farm-bot] 打开主页。
[farm-bot] WebSocket 断开，尝试重连...
[farm-bot] WebSocket 重连失败: Unexpected server response: 500
[farm-bot] 保留当前页面，10 秒后重试
[farm-bot] 等待下一轮：10秒后，2026/6/19 20:01:50
[farm-bot] 打开主页。
[farm-bot] WebSocket 断开，尝试重连...
[farm-bot] WebSocket 重连失败: Unexpected server response: 500
[farm-bot] 保留当前页面，10 秒后重试
[farm-bot] 等待下一轮：10秒后，2026/6/19 20:02:02
[farm-bot] 打开主页。
[farm-bot] WebSocket 断开，尝试重连...
[farm-bot] WebSocket 重连失败: Unexpected server response: 500
[farm-bot] 连续失败 5 次，创建新标签页重新开始
[farm-bot] 关闭 Chrome 标签页失败：http://127.0.0.1:9222/json/close/BE6E6D0EDA1308A0960AA4A170D8096E returned 404
[farm-bot] 等待下一轮：10秒后，2026/6/19 20:02:15
[farm-bot] WebSocket 已连接，心跳保活已启动
[farm-bot] 打开主页。
[farm-bot] 点击「进入农场」。
[farm-bot] 点击「进入农场」后进入农场页面 未就绪，10秒后再检查（1/5）。
[farm-bot] 已进入农场主体页面。
[farm-bot] 「一键收获」可点击，先收获。
[farm-bot] 等待收获完成...
[farm-bot] 自动确认弹窗：成功收获 10 个作物！
[farm-bot] 重新进入农场：收获后刷新空闲槽位
[farm-bot] 农场页面加载完成 未就绪，10秒后再检查（1/5）。
[farm-bot] 一键收获成功，农场已刷新出可继续种植状态。
空闲槽位：10
准备卖出：南瓜、番茄。
[farm-bot] 售卖策略：保留 13 个种子（根据地块数动态计算）
[farm-bot] 进入交易所：检查南瓜库存
[farm-bot] 交易所页面加载完成 未就绪，10秒后再检查（1/5）。
[farm-bot] 南瓜持有 60，保留 13，准备卖出 47。
[farm-bot] 确认 确认卖出（1 种 · $56.06）
[farm-bot] 等待售卖完成...
[farm-bot] 进入交易所：卖出后验证南瓜库存
[farm-bot] 交易所页面加载完成 未就绪，10秒后再检查（1/5）。
[farm-bot] 交易所页面加载完成 未就绪，10秒后再检查（2/5）。
[farm-bot] 进入交易所：检查番茄库存
[farm-bot] 交易所页面加载完成 未就绪，10秒后再检查（1/5）。
[farm-bot] 番茄持有 7，保留 13 个种子，不卖出。
[farm-bot] 进入交易所：读取交易所行情并计算种植收益
[farm-bot] 交易所页面加载完成 未就绪，10秒后再检查（1/5）。
[farm-bot] 重新进入农场：读取地块数量
[farm-bot] 农场页面加载完成 未就绪，10秒后再检查（1/5）。
[farm-bot] 当前地块数：13，基于此计算作物收益排名
[farm-bot] 自动策略重算完成：南瓜。收益前三：南瓜 928.2/天，草莓 924.3/天，番茄 923.52/天
[farm-bot] 重新进入农场：种植前回到农场
[farm-bot] 农场页面加载完成 未就绪，10秒后再检查（1/5）。
[farm-bot] 点击第一个「种植」。
[farm-bot] 种植选择界面加载完成 未就绪，10秒后再检查（1/5）。
[farm-bot] 尝试选择作物「南瓜」：南瓜 $4.00
[farm-bot] 点击「最大」。
[farm-bot] 确认 种植 x10
[farm-bot] 检查是否有购买确认弹窗 未就绪，1秒后再检查（1/2）。
[farm-bot] 重新进入农场：种植后验证结果
[farm-bot] 农场页面加载完成 未就绪，10秒后再检查（1/5）。
[farm-bot] 重新进入农场：种植后刷新生长状态
[farm-bot] 农场页面加载完成 未就绪，10秒后再检查（1/5）。
[farm-bot] 本轮完成。
[farm-bot] 等待下一轮：3分钟后，2026/6/19 20:07:57
[farm-bot] 打开主页。
[farm-bot] 点击「进入农场」。
[farm-bot] 点击「进入农场」后进入农场页面 未就绪，10秒后再检查（1/5）。
[farm-bot] 已进入农场主体页面。
[farm-bot] 「一键收获」可点击，先收获。
[farm-bot] 等待收获完成...
[farm-bot] 自动确认弹窗：成功收获 3 个作物！
[farm-bot] 重新进入农场：收获后刷新空闲槽位
[farm-bot] 农场页面加载完成 未就绪，10秒后再检查（1/5）。
[farm-bot] 一键收获成功，农场已刷新出可继续种植状态。
空闲槽位：3
准备卖出：南瓜、番茄。
[farm-bot] 售卖策略：保留 13 个种子（根据地块数动态计算）
[farm-bot] 进入交易所：检查南瓜库存
[farm-bot] 交易所页面加载完成 未就绪，10秒后再检查（1/5）。
[farm-bot] 南瓜持有 3，保留 13 个种子，不卖出。
[farm-bot] 进入交易所：检查番茄库存
[farm-bot] 交易所页面加载完成 未就绪，10秒后再检查（1/5）。
[farm-bot] 番茄持有 22，保留 13，准备卖出 9。
[farm-bot] 确认 确认卖出（1 种 · $6.64）
[farm-bot] 等待售卖完成...
[farm-bot] 进入交易所：卖出后验证番茄库存
[farm-bot] 交易所页面加载完成 未就绪，10秒后再检查（1/5）。
[farm-bot] 重新进入农场：种植前回到农场
[farm-bot] 农场页面加载完成 未就绪，10秒后再检查（1/5）。
[farm-bot] 点击第一个「种植」。
[farm-bot] 种植选择界面加载完成 未就绪，10秒后再检查（1/5）。
[farm-bot] 尝试选择作物「南瓜」：南瓜 $4.00
[farm-bot] 点击「最大」。
[farm-bot] 确认 种植 x3
[farm-bot] 检查是否有购买确认弹窗 未就绪，1秒后再检查（1/2）。
[farm-bot] 重新进入农场：种植后验证结果
[farm-bot] 农场页面加载完成 未就绪，10秒后再检查（1/5）。
[farm-bot] 重新进入农场：种植后刷新生长状态
[farm-bot] 农场页面加载完成 未就绪，10秒后再检查（1/5）。
[farm-bot] 本轮完成。
[farm-bot] 等待下一轮：1小时56分钟后，2026/6/19 22:06:05
[farm-bot] 打开主页。
[farm-bot] WebSocket 断开，尝试重连...
[farm-bot] WebSocket 已连接，心跳保活已启动
[farm-bot] WebSocket 重连成功
[farm-bot] 点击「进入农场」。
[farm-bot] 点击「进入农场」后进入农场页面 未就绪，10秒后再检查（1/5）。
[farm-bot] 已进入农场主体页面。
[farm-bot] 「一键收获」可点击，先收获。
[farm-bot] 等待收获完成...
[farm-bot] 自动确认弹窗：成功收获 10 个作物！
[farm-bot] 重新进入农场：收获后刷新空闲槽位
[farm-bot] 农场页面加载完成 未就绪，10秒后再检查（1/5）。
[farm-bot] 一键收获成功，农场已刷新出可继续种植状态。
空闲槽位：10
准备卖出：南瓜。
[farm-bot] 售卖策略：保留 13 个种子（根据地块数动态计算）
[farm-bot] 进入交易所：检查南瓜库存
[farm-bot] 交易所页面加载完成 未就绪，10秒后再检查（1/5）。
[farm-bot] 南瓜持有 60，保留 13，准备卖出 47。
[farm-bot] 确认 确认卖出（1 种 · $56.00）
[farm-bot] 等待售卖完成...
[farm-bot] 进入交易所：卖出后验证南瓜库存
[farm-bot] 交易所页面加载完成 未就绪，10秒后再检查（1/5）。
[farm-bot] 重新进入农场：种植前回到农场
[farm-bot] 农场页面加载完成 未就绪，10秒后再检查（1/5）。
[farm-bot] 农场统计卡片渲染完成 未就绪，10秒后再检查（1/5）。
[farm-bot] 点击第一个「种植」。
[farm-bot] 种植选择界面加载完成 未就绪，10秒后再检查（1/5）。
[farm-bot] 尝试选择作物「南瓜」：南瓜 $4.00
[farm-bot] 点击「最大」。
[farm-bot] 确认 种植 x10
[farm-bot] 检查是否有购买确认弹窗 未就绪，1秒后再检查（1/2）。
[farm-bot] 重新进入农场：种植后验证结果
[farm-bot] 农场页面加载完成 未就绪，10秒后再检查（1/5）。
[farm-bot] 农场统计卡片渲染完成 未就绪，10秒后再检查（1/5）。
[farm-bot] 重新进入农场：种植后刷新生长状态
[farm-bot] 农场页面加载完成 未就绪，10秒后再检查（1/5）。
[farm-bot] 农场页面加载完成 未就绪，10秒后再检查（2/5）。
[farm-bot] 本轮完成。
[farm-bot] 等待下一轮：2小时1分钟后，2026/6/20 00:09:39
[farm-bot] 打开主页。
[farm-bot] 点击「进入农场」。
[farm-bot] 点击「进入农场」后进入农场页面 未就绪，10秒后再检查（1/5）。
[farm-bot] 已进入农场主体页面。
[farm-bot] 「一键收获」可点击，先收获。
[farm-bot] 等待收获完成...
[farm-bot] 自动确认弹窗：成功收获 13 个作物！
[farm-bot] 重新进入农场：收获后刷新空闲槽位
[farm-bot] 农场页面加载完成 未就绪，10秒后再检查（1/5）。
[farm-bot] 一键收获成功，农场已刷新出可继续种植状态。
空闲槽位：13
准备卖出：南瓜。
[farm-bot] 售卖策略：保留 13 个种子（根据地块数动态计算）
[farm-bot] 进入交易所：检查南瓜库存
[farm-bot] 交易所页面加载完成 未就绪，10秒后再检查（1/5）。
[farm-bot] 南瓜持有 81，保留 13，准备卖出 68。
[farm-bot] 确认 确认卖出（1 种 · $80.88）
[farm-bot] 等待售卖完成...
[farm-bot] 进入交易所：卖出后验证南瓜库存
[farm-bot] 交易所页面加载完成 未就绪，10秒后再检查（1/5）。
[farm-bot] 交易所页面加载完成 未就绪，10秒后再检查（2/5）。
[farm-bot] 交易所页面加载完成 未就绪，10秒后再检查（3/5）。
[farm-bot] 重新进入农场：种植前回到农场
[farm-bot] 农场页面加载完成 未就绪，10秒后再检查（1/5）。
[farm-bot] 点击第一个「种植」。
[farm-bot] 种植选择界面加载完成 未就绪，10秒后再检查（1/5）。
[farm-bot] 尝试选择作物「南瓜」：南瓜 $4.00
[farm-bot] 点击「最大」。
[farm-bot] 确认 种植 x13
[farm-bot] 检查是否有购买确认弹窗 未就绪，1秒后再检查（1/2）。
[farm-bot] 重新进入农场：种植后验证结果
[farm-bot] 农场页面加载完成 未就绪，10秒后再检查（1/5）。
[farm-bot] 农场统计卡片渲染完成 未就绪，10秒后再检查（1/5）。
[farm-bot] 重新进入农场：种植后刷新生长状态
[farm-bot] 农场页面加载完成 未就绪，10秒后再检查（1/5）。
[farm-bot] 本轮完成。
[farm-bot] 等待下一轮：2小时1分钟后，2026/6/20 02:13:10
[farm-bot] 打开主页。
[farm-bot] 点击「进入农场」。
[farm-bot] 点击「进入农场」后进入农场页面 未就绪，10秒后再检查（1/5）。
[farm-bot] 已进入农场主体页面。
[farm-bot] 「一键收获」可点击，先收获。
[farm-bot] 等待收获完成...
[farm-bot] 自动确认弹窗：成功收获 13 个作物！
[farm-bot] 重新进入农场：收获后刷新空闲槽位
[farm-bot] 农场页面加载完成 未就绪，10秒后再检查（1/5）。
[farm-bot] 一键收获成功，农场已刷新出可继续种植状态。
空闲槽位：13
准备卖出：南瓜。
[farm-bot] 售卖策略：保留 13 个种子（根据地块数动态计算）
[farm-bot] 进入交易所：检查南瓜库存
[farm-bot] 交易所页面加载完成 未就绪，10秒后再检查（1/5）。
[farm-bot] 南瓜持有 78，保留 13，准备卖出 65。
[farm-bot] 确认 确认卖出（1 种 · $77.10）
[farm-bot] 等待售卖完成...
[farm-bot] 进入交易所：卖出后验证南瓜库存
[farm-bot] 交易所页面加载完成 未就绪，10秒后再检查（1/5）。
[farm-bot] 重新进入农场：种植前回到农场
[farm-bot] 农场页面加载完成 未就绪，10秒后再检查（1/5）。
[farm-bot] 点击第一个「种植」。
[farm-bot] 种植选择界面加载完成 未就绪，10秒后再检查（1/5）。
[farm-bot] 尝试选择作物「南瓜」：南瓜 $4.00
[farm-bot] 点击「最大」。
[farm-bot] 确认 种植 x13
[farm-bot] 检查是否有购买确认弹窗 未就绪，1秒后再检查（1/2）。
[farm-bot] 重新进入农场：种植后验证结果
[farm-bot] 农场页面加载完成 未就绪，10秒后再检查（1/5）。
[farm-bot] 重新进入农场：种植后刷新生长状态
[farm-bot] 农场页面加载完成 未就绪，10秒后再检查（1/5）。
[farm-bot] 本轮完成。
[farm-bot] 等待下一轮：2小时1分钟后，2026/6/20 04:16:07
[farm-bot] 打开主页。
[farm-bot] 点击「进入农场」。
[farm-bot] 点击「进入农场」后进入农场页面 未就绪，10秒后再检查（1/5）。
[farm-bot] 已进入农场主体页面。
[farm-bot] 「一键收获」可点击，先收获。
[farm-bot] 等待收获完成...
[farm-bot] 自动确认弹窗：成功收获 13 个作物！
[farm-bot] 重新进入农场：收获后刷新空闲槽位
[farm-bot] 农场页面加载完成 未就绪，10秒后再检查（1/5）。
[farm-bot] 一键收获成功，农场已刷新出可继续种植状态。
空闲槽位：13
准备卖出：南瓜。
[farm-bot] 售卖策略：保留 13 个种子（根据地块数动态计算）
[farm-bot] 进入交易所：检查南瓜库存
[farm-bot] 交易所页面加载完成 未就绪，10秒后再检查（1/5）。
[farm-bot] 南瓜持有 78，保留 13，准备卖出 65。
[farm-bot] 确认 确认卖出（1 种 · $76.73）
[farm-bot] 等待售卖完成...
[farm-bot] 进入交易所：卖出后验证南瓜库存
[farm-bot] 交易所页面加载完成 未就绪，10秒后再检查（1/5）。
[farm-bot] 重新进入农场：种植前回到农场
[farm-bot] 农场页面加载完成 未就绪，10秒后再检查（1/5）。
[farm-bot] 点击第一个「种植」。
[farm-bot] 种植选择界面加载完成 未就绪，10秒后再检查（1/5）。
[farm-bot] 尝试选择作物「南瓜」：南瓜 $4.00
[farm-bot] 点击「最大」。
[farm-bot] 确认 种植 x13
[farm-bot] 检查是否有购买确认弹窗 未就绪，1秒后再检查（1/2）。
[farm-bot] 重新进入农场：种植后验证结果
[farm-bot] 农场页面加载完成 未就绪，10秒后再检查（1/5）。
[farm-bot] 重新进入农场：种植后刷新生长状态
[farm-bot] 农场页面加载完成 未就绪，10秒后再检查（1/5）。
[farm-bot] 本轮完成。
[farm-bot] 等待下一轮：2小时1分钟后，2026/6/20 06:19:04
[farm-bot] 打开主页。
[farm-bot] 点击「进入农场」。
[farm-bot] 点击「进入农场」后进入农场页面 未就绪，10秒后再检查（1/5）。
[farm-bot] 已进入农场主体页面。
[farm-bot] 「一键收获」可点击，先收获。
[farm-bot] 等待收获完成...
[farm-bot] 自动确认弹窗：成功收获 13 个作物！
[farm-bot] 重新进入农场：收获后刷新空闲槽位
[farm-bot] 农场页面加载完成 未就绪，10秒后再检查（1/5）。
[farm-bot] 一键收获成功，农场已刷新出可继续种植状态。
空闲槽位：13
准备卖出：南瓜。
[farm-bot] 售卖策略：保留 13 个种子（根据地块数动态计算）
[farm-bot] 进入交易所：检查南瓜库存
[farm-bot] 交易所页面加载完成 未就绪，10秒后再检查（1/5）。
[farm-bot] 南瓜持有 78，保留 13，准备卖出 65。
[farm-bot] 确认 确认卖出（1 种 · $76.57）
[farm-bot] 等待售卖完成...
[farm-bot] 进入交易所：卖出后验证南瓜库存
[farm-bot] 交易所页面加载完成 未就绪，10秒后再检查（1/5）。
[farm-bot] 进入交易所：读取交易所行情并计算种植收益
[farm-bot] 交易所页面加载完成 未就绪，10秒后再检查（1/5）。
[farm-bot] 重新进入农场：读取地块数量
[farm-bot] 农场页面加载完成 未就绪，10秒后再检查（1/5）。
[farm-bot] 当前地块数：13，基于此计算作物收益排名
[farm-bot] 自动策略重算完成：南瓜。收益前三：南瓜 920.4/天，草莓 920.4/天，番茄 911.04/天
[farm-bot] 重新进入农场：种植前回到农场
[farm-bot] 农场页面加载完成 未就绪，10秒后再检查（1/5）。
[farm-bot] 点击第一个「种植」。
[farm-bot] 种植选择界面加载完成 未就绪，10秒后再检查（1/5）。
[farm-bot] 尝试选择作物「南瓜」：南瓜 $4.00
[farm-bot] 点击「最大」。
[farm-bot] 确认 种植 x13
[farm-bot] 检查是否有购买确认弹窗 未就绪，1秒后再检查（1/2）。
[farm-bot] 重新进入农场：种植后验证结果
[farm-bot] 农场页面加载完成 未就绪，10秒后再检查（1/5）。
[farm-bot] 重新进入农场：种植后刷新生长状态
[farm-bot] 农场页面加载完成 未就绪，10秒后再检查（1/5）。
[farm-bot] 本轮完成。
[farm-bot] 等待下一轮：2小时1分钟后，2026/6/20 08:22:24
[farm-bot] 打开主页。
[farm-bot] 点击「进入农场」。
[farm-bot] 点击「进入农场」后进入农场页面 未就绪，10秒后再检查（1/5）。
[farm-bot] 已进入农场主体页面。
[farm-bot] 「一键收获」可点击，先收获。
[farm-bot] 等待收获完成...
[farm-bot] 自动确认弹窗：成功收获 13 个作物！
[farm-bot] 重新进入农场：收获后刷新空闲槽位
[farm-bot] 农场页面加载完成 未就绪，10秒后再检查（1/5）。
[farm-bot] 一键收获成功，农场已刷新出可继续种植状态。
空闲槽位：13
准备卖出：南瓜。
[farm-bot] 售卖策略：保留 13 个种子（根据地块数动态计算）
[farm-bot] 进入交易所：检查南瓜库存
[farm-bot] 交易所页面加载完成 未就绪，10秒后再检查（1/5）。
[farm-bot] 南瓜持有 78，保留 13，准备卖出 65。
[farm-bot] 确认 确认卖出（1 种 · $76.42）
[farm-bot] 等待售卖完成...
[farm-bot] 进入交易所：卖出后验证南瓜库存
[farm-bot] 交易所页面加载完成 未就绪，10秒后再检查（1/5）。
[farm-bot] 重新进入农场：种植前回到农场
[farm-bot] 农场页面加载完成 未就绪，10秒后再检查（1/5）。
[farm-bot] 点击第一个「种植」。
[farm-bot] 种植选择界面加载完成 未就绪，10秒后再检查（1/5）。
[farm-bot] 尝试选择作物「南瓜」：南瓜 $4.00
[farm-bot] 点击「最大」。
[farm-bot] 确认 种植 x13
[farm-bot] 检查是否有购买确认弹窗 未就绪，1秒后再检查（1/2）。
[farm-bot] 重新进入农场：种植后验证结果
[farm-bot] 农场页面加载完成 未就绪，10秒后再检查（1/5）。
[farm-bot] 重新进入农场：种植后刷新生长状态
[farm-bot] 农场页面加载完成 未就绪，10秒后再检查（1/5）。
[farm-bot] 本轮完成。
[farm-bot] 等待下一轮：2小时1分钟后，2026/6/20 10:25:22
[farm-bot] 打开主页。
[farm-bot] WebSocket 断开，尝试重连...
[farm-bot] WebSocket 已连接，心跳保活已启动
[farm-bot] WebSocket 重连成功
[farm-bot] 点击「进入农场」。
[farm-bot] 点击「进入农场」后进入农场页面 未就绪，10秒后再检查（1/5）。
[farm-bot] 已进入农场主体页面。
[farm-bot] 「一键收获」可点击，先收获。
[farm-bot] 等待收获完成...
[farm-bot] 自动确认弹窗：成功收获 13 个作物！
[farm-bot] 重新进入农场：收获后刷新空闲槽位
[farm-bot] 农场页面加载完成 未就绪，10秒后再检查（1/5）。
[farm-bot] 一键收获成功，农场已刷新出可继续种植状态。
空闲槽位：13
准备卖出：南瓜。
[farm-bot] 售卖策略：保留 13 个种子（根据地块数动态计算）
[farm-bot] 进入交易所：检查南瓜库存
[farm-bot] 交易所页面加载完成 未就绪，10秒后再检查（1/5）。
[farm-bot] 南瓜持有 78，保留 13，准备卖出 65。
[farm-bot] 确认 确认卖出（1 种 · $76.38）
[farm-bot] 等待售卖完成...
[farm-bot] 进入交易所：卖出后验证南瓜库存
[farm-bot] 交易所页面加载完成 未就绪，10秒后再检查（1/5）。
[farm-bot] 重新进入农场：种植前回到农场
[farm-bot] 农场页面加载完成 未就绪，10秒后再检查（1/5）。
[farm-bot] 点击第一个「种植」。
[farm-bot] 种植选择界面加载完成 未就绪，10秒后再检查（1/5）。
[farm-bot] 尝试选择作物「南瓜」：南瓜 $4.00
[farm-bot] 点击「最大」。
[farm-bot] 确认 种植 x13
[farm-bot] 检查是否有购买确认弹窗 未就绪，1秒后再检查（1/2）。
[farm-bot] 重新进入农场：种植后验证结果
[farm-bot] 农场页面加载完成 未就绪，10秒后再检查（1/5）。
[farm-bot] 重新进入农场：种植后刷新生长状态
[farm-bot] 农场页面加载完成 未就绪，10秒后再检查（1/5）。
[farm-bot] 本轮完成。
[farm-bot] 等待下一轮：2小时1分钟后，2026/6/20 12:28:21
[farm-bot] 打开主页。
[farm-bot] 点击「进入农场」。
[farm-bot] 点击「进入农场」后进入农场页面 未就绪，10秒后再检查（1/5）。
[farm-bot] 已进入农场主体页面。
[farm-bot] 「一键收获」可点击，先收获。
[farm-bot] 等待收获完成...
[farm-bot] 自动确认弹窗：成功收获 13 个作物！
[farm-bot] 重新进入农场：收获后刷新空闲槽位
[farm-bot] 农场页面加载完成 未就绪，10秒后再检查（1/5）。
[farm-bot] 一键收获成功，农场已刷新出可继续种植状态。
空闲槽位：13
准备卖出：南瓜。
[farm-bot] 售卖策略：保留 13 个种子（根据地块数动态计算）
[farm-bot] 进入交易所：检查南瓜库存
[farm-bot] 交易所页面加载完成 未就绪，10秒后再检查（1/5）。
[farm-bot] 南瓜持有 78，保留 13，准备卖出 65。
[farm-bot] 确认 确认卖出（1 种 · $76.36）
[farm-bot] 等待售卖完成...
[farm-bot] 进入交易所：卖出后验证南瓜库存
[farm-bot] 交易所页面加载完成 未就绪，10秒后再检查（1/5）。
[farm-bot] 重新进入农场：种植前回到农场
[farm-bot] 农场页面加载完成 未就绪，10秒后再检查（1/5）。
[farm-bot] 点击第一个「种植」。
[farm-bot] 种植选择界面加载完成 未就绪，10秒后再检查（1/5）。
[farm-bot] 尝试选择作物「南瓜」：南瓜 $4.00
[farm-bot] 点击「最大」。
[farm-bot] 确认 种植 x13
[farm-bot] 检查是否有购买确认弹窗 未就绪，1秒后再检查（1/2）。
[farm-bot] 重新进入农场：种植后验证结果
[farm-bot] 农场页面加载完成 未就绪，10秒后再检查（1/5）。
[farm-bot] 重新进入农场：种植后刷新生长状态
[farm-bot] 农场页面加载完成 未就绪，10秒后再检查（1/5）。
[farm-bot] 本轮完成。
[farm-bot] 等待下一轮：2小时1分钟后，2026/6/20 14:31:20
[farm-bot] 打开主页。
[farm-bot] WebSocket 断开，尝试重连...
[farm-bot] WebSocket 已连接，心跳保活已启动
[farm-bot] WebSocket 重连成功
[farm-bot] 点击「进入农场」。
[farm-bot] 点击「进入农场」后进入农场页面 未就绪，10秒后再检查（1/5）。
[farm-bot] 已进入农场主体页面。
[farm-bot] 「一键收获」可点击，先收获。
[farm-bot] 等待收获完成...
[farm-bot] 自动确认弹窗：成功收获 13 个作物！
[farm-bot] 重新进入农场：收获后刷新空闲槽位
[farm-bot] 农场页面加载完成 未就绪，10秒后再检查（1/5）。
[farm-bot] 一键收获成功，农场已刷新出可继续种植状态。
空闲槽位：13
准备卖出：南瓜。
[farm-bot] 售卖策略：保留 13 个种子（根据地块数动态计算）
[farm-bot] 进入交易所：检查南瓜库存
[farm-bot] 交易所页面加载完成 未就绪，10秒后再检查（1/5）。
[farm-bot] 南瓜持有 78，保留 13，准备卖出 65。
[farm-bot] 确认 确认卖出（1 种 · $76.25）
[farm-bot] 等待售卖完成...
[farm-bot] 进入交易所：卖出后验证南瓜库存
[farm-bot] 交易所页面加载完成 未就绪，10秒后再检查（1/5）。
[farm-bot] 重新进入农场：种植前回到农场
[farm-bot] 农场页面加载完成 未就绪，10秒后再检查（1/5）。
[farm-bot] 点击第一个「种植」。
[farm-bot] 种植选择界面加载完成 未就绪，10秒后再检查（1/5）。
[farm-bot] 尝试选择作物「南瓜」：南瓜 $4.00
[farm-bot] 点击「最大」。
[farm-bot] 确认 种植 x13
[farm-bot] 检查是否有购买确认弹窗 未就绪，1秒后再检查（1/2）。
[farm-bot] 重新进入农场：种植后验证结果
[farm-bot] 农场页面加载完成 未就绪，10秒后再检查（1/5）。
[farm-bot] 重新进入农场：种植后刷新生长状态
[farm-bot] 农场页面加载完成 未就绪，10秒后再检查（1/5）。
[farm-bot] 本轮完成。
[farm-bot] 等待下一轮：2小时1分钟后，2026/6/20 16:34:18
[farm-bot] 打开主页。
[farm-bot] WebSocket 断开，尝试重连...
[farm-bot] WebSocket 已连接，心跳保活已启动
[farm-bot] WebSocket 重连成功
[farm-bot] 点击「进入农场」。
[farm-bot] 点击「进入农场」后进入农场页面 未就绪，10秒后再检查（1/5）。
[farm-bot] 已进入农场主体页面。
[farm-bot] 「一键收获」可点击，先收获。
[farm-bot] 等待收获完成...
[farm-bot] 自动确认弹窗：成功收获 13 个作物！
[farm-bot] 重新进入农场：收获后刷新空闲槽位
[farm-bot] 农场页面加载完成 未就绪，10秒后再检查（1/5）。
[farm-bot] 一键收获成功，农场已刷新出可继续种植状态。
空闲槽位：13
准备卖出：南瓜。
[farm-bot] 售卖策略：保留 13 个种子（根据地块数动态计算）
[farm-bot] 进入交易所：检查南瓜库存
[farm-bot] 交易所页面加载完成 未就绪，10秒后再检查（1/5）。
[farm-bot] 南瓜持有 78，保留 13，准备卖出 65。
[farm-bot] 确认 确认卖出（1 种 · $76.21）
[farm-bot] 等待售卖完成...
[farm-bot] 进入交易所：卖出后验证南瓜库存
[farm-bot] 交易所页面加载完成 未就绪，10秒后再检查（1/5）。
[farm-bot] 重新进入农场：种植前回到农场
[farm-bot] 农场页面加载完成 未就绪，10秒后再检查（1/5）。
[farm-bot] 点击第一个「种植」。
[farm-bot] 种植选择界面加载完成 未就绪，10秒后再检查（1/5）。
[farm-bot] 尝试选择作物「南瓜」：南瓜 $4.00
[farm-bot] 点击「最大」。
[farm-bot] 确认 种植 x13
[farm-bot] 检查是否有购买确认弹窗 未就绪，1秒后再检查（1/2）。
[farm-bot] 重新进入农场：种植后验证结果
[farm-bot] 农场页面加载完成 未就绪，10秒后再检查（1/5）。
[farm-bot] 重新进入农场：种植后刷新生长状态
[farm-bot] 农场页面加载完成 未就绪，10秒后再检查（1/5）。
[farm-bot] 本轮完成。
[farm-bot] 等待下一轮：2小时1分钟后，2026/6/20 18:51:25
